xmsim(64): 22.03-s012: (c) Copyright 1995-2023 Cadence Design Systems, Inc.
TOOL:	xmsim(64)	22.03-s012: Started on Jul 01, 2026 at 19:13:10 KST
xmsim
    -MESS
    tb_bcd_to_7seg

Loading snapshot work_lib.tb_bcd_to_7seg:module .................... Done
xcelium> run
Time= 0 | i_bcd Input=0000 | Seven Segment Output=1111110
Time=10 | i_bcd Input=0001 | Seven Segment Output=0110000
Time=20 | i_bcd Input=0010 | Seven Segment Output=1101101
Time=30 | i_bcd Input=0011 | Seven Segment Output=1111001
Time=40 | i_bcd Input=0100 | Seven Segment Output=0110011
Time=50 | i_bcd Input=0101 | Seven Segment Output=1011011
Time=60 | i_bcd Input=0110 | Seven Segment Output=1011111
Time=70 | i_bcd Input=0111 | Seven Segment Output=1110000
Time=80 | i_bcd Input=1000 | Seven Segment Output=1111111
Time=90 | i_bcd Input=1001 | Seven Segment Output=1111011
Simulation complete via $finish(1) at time 100 NS + 0
./tb_bcd_to_7seg.v:35 	 $finish;
xcelium> exit
TOOL:	xmsim(64)	22.03-s012: Exiting on Jul 01, 2026 at 19:13:10 KST  (total: 00:00:00)
